<?xml version="1.0" encoding="UTF-8"?>
<TestRun id="c849b648-01ec-4e9a-ad83-aea5d7f63448" name="Robert@ROBERT-KOMPUTER 2011-10-27 16:11:35" runUser="Robert-Komputer\Robert" xmlns="http://microsoft.com/schemas/VisualStudio/TeamTest/2010">
  <TestSettings name="Local" id="1e0b3e12-0f6b-45ee-8c36-c199cef09262">
    <Description>These are default test settings for a local test run.</Description>
    <Deployment enabled="false" runDeploymentRoot="Robert_ROBERT-KOMPUTER 2011-10-27 16_11_35">
      <DeploymentItem filename="C:\Users\Robert\documents\visual studio 2010\Projects\Perceptron1\Perceptron1\bin\Debug\Perceptron1.exe" />
    </Deployment>
    <Execution>
      <TestTypeSpecific />
      <AgentRule name="Execution Agents">
      </AgentRule>
    </Execution>
  </TestSettings>
  <Times creation="2011-10-27T16:11:35.9933424+02:00" queuing="2011-10-27T16:11:40.4393502+02:00" start="2011-10-27T16:11:41.0009512+02:00" finish="2011-10-27T16:11:45.4313589+02:00" />
  <ResultSummary outcome="Completed">
    <Counters total="3" executed="3" passed="3" error="0" failed="0" timeout="0" aborted="0" inconclusive="0" passedButRunAborted="0" notRunnable="0" notExecuted="0" disconnected="0" warning="0" completed="0" inProgress="0" pending="0" />
  </ResultSummary>
  <TestDefinitions>
    <UnitTest name="DimensionTest" storage="c:\users\robert\documents\visual studio 2010\projects\perceptron1\testyjednostkowe\bin\debug\testyjednostkowe.dll" id="3808c4cc-94e5-4c96-fce9-4e388bb87b51">
      <Execution id="69573a47-1d3a-4638-84a1-c8fea78edadd" />
      <TestMethod codeBase="C:/Users/Robert/documents/visual studio 2010/Projects/Perceptron1/TestyJednostkowe/bin/Debug/TestyJednostkowe.DLL" adapterTypeName="Microsoft.VisualStudio.TestTools.TestTypes.Unit.UnitTestAdapter, Microsoft.VisualStudio.QualityTools.Tips.UnitTest.Adapter, Version=10.0.0.0, Culture=neutral, PublicKeyToken=b03f5f7f11d50a3a" className="TestyJednostkowe.VectorTest, TestyJednostkowe, Version=1.0.0.0, Culture=neutral, PublicKeyToken=null" name="DimensionTest" />
    </UnitTest>
    <UnitTest name="op_AdditionTest" storage="c:\users\robert\documents\visual studio 2010\projects\perceptron1\testyjednostkowe\bin\debug\testyjednostkowe.dll" id="dc6122d4-970d-9103-3cbb-87421a47c54c">
      <Execution id="8e8f4114-33f2-42d8-a03e-d99f811877d3" />
      <TestMethod codeBase="C:/Users/Robert/documents/visual studio 2010/Projects/Perceptron1/TestyJednostkowe/bin/Debug/TestyJednostkowe.DLL" adapterTypeName="Microsoft.VisualStudio.TestTools.TestTypes.Unit.UnitTestAdapter, Microsoft.VisualStudio.QualityTools.Tips.UnitTest.Adapter, Version=10.0.0.0, Culture=neutral, PublicKeyToken=b03f5f7f11d50a3a" className="TestyJednostkowe.VectorTest, TestyJednostkowe, Version=1.0.0.0, Culture=neutral, PublicKeyToken=null" name="op_AdditionTest" />
    </UnitTest>
    <UnitTest name="op_MultiplyTest" storage="c:\users\robert\documents\visual studio 2010\projects\perceptron1\testyjednostkowe\bin\debug\testyjednostkowe.dll" id="5d85827d-ea91-4088-2253-b6d54db35356">
      <Execution id="a9c40637-0ecf-4c36-9e83-148fbc0df44e" />
      <TestMethod codeBase="C:/Users/Robert/documents/visual studio 2010/Projects/Perceptron1/TestyJednostkowe/bin/Debug/TestyJednostkowe.DLL" adapterTypeName="Microsoft.VisualStudio.TestTools.TestTypes.Unit.UnitTestAdapter, Microsoft.VisualStudio.QualityTools.Tips.UnitTest.Adapter, Version=10.0.0.0, Culture=neutral, PublicKeyToken=b03f5f7f11d50a3a" className="TestyJednostkowe.VectorTest, TestyJednostkowe, Version=1.0.0.0, Culture=neutral, PublicKeyToken=null" name="op_MultiplyTest" />
    </UnitTest>
  </TestDefinitions>
  <TestLists>
    <TestList name="Results Not in a List" id="8c84fa94-04c1-424b-9868-57a2d4851a1d" />
    <TestList name="All Loaded Results" id="19431567-8539-422a-85d7-44ee4e166bda" />
  </TestLists>
  <TestEntries>
    <TestEntry testId="3808c4cc-94e5-4c96-fce9-4e388bb87b51" executionId="69573a47-1d3a-4638-84a1-c8fea78edadd" testListId="8c84fa94-04c1-424b-9868-57a2d4851a1d" />
    <TestEntry testId="5d85827d-ea91-4088-2253-b6d54db35356" executionId="a9c40637-0ecf-4c36-9e83-148fbc0df44e" testListId="8c84fa94-04c1-424b-9868-57a2d4851a1d" />
    <TestEntry testId="dc6122d4-970d-9103-3cbb-87421a47c54c" executionId="8e8f4114-33f2-42d8-a03e-d99f811877d3" testListId="8c84fa94-04c1-424b-9868-57a2d4851a1d" />
  </TestEntries>
  <Results>
    <UnitTestResult executionId="69573a47-1d3a-4638-84a1-c8fea78edadd" testId="3808c4cc-94e5-4c96-fce9-4e388bb87b51" testName="DimensionTest" computerName="ROBERT-KOMPUTER" duration="00:00:00.1826916" startTime="2011-10-27T16:11:41.5313521+02:00" endTime="2011-10-27T16:11:44.7917578+02:00" testType="13cdc9d9-ddb5-4fa4-a97d-d965ccfc6d4b" outcome="Passed" testListId="8c84fa94-04c1-424b-9868-57a2d4851a1d" relativeResultsDirectory="69573a47-1d3a-4638-84a1-c8fea78edadd">
      <Output>
        <StdOut>Zrzucenie wyjątku w przypadku zerowego wymiaru - OK</StdOut>
      </Output>
    </UnitTestResult>
    <UnitTestResult executionId="a9c40637-0ecf-4c36-9e83-148fbc0df44e" testId="5d85827d-ea91-4088-2253-b6d54db35356" testName="op_MultiplyTest" computerName="ROBERT-KOMPUTER" duration="00:00:00.0060403" startTime="2011-10-27T16:11:44.9789581+02:00" endTime="2011-10-27T16:11:45.0569583+02:00" testType="13cdc9d9-ddb5-4fa4-a97d-d965ccfc6d4b" outcome="Passed" testListId="8c84fa94-04c1-424b-9868-57a2d4851a1d" relativeResultsDirectory="a9c40637-0ecf-4c36-9e83-148fbc0df44e">
    </UnitTestResult>
    <UnitTestResult executionId="8e8f4114-33f2-42d8-a03e-d99f811877d3" testId="dc6122d4-970d-9103-3cbb-87421a47c54c" testName="op_AdditionTest" computerName="ROBERT-KOMPUTER" duration="00:00:00.0045483" startTime="2011-10-27T16:11:45.0881583+02:00" endTime="2011-10-27T16:11:45.1349584+02:00" testType="13cdc9d9-ddb5-4fa4-a97d-d965ccfc6d4b" outcome="Passed" testListId="8c84fa94-04c1-424b-9868-57a2d4851a1d" relativeResultsDirectory="8e8f4114-33f2-42d8-a03e-d99f811877d3">
    </UnitTestResult>
  </Results>
</TestRun>