<?xml version="1.0" encoding="UTF-8"?>
<TestRun id="e8375d97-400f-4f2e-922a-36afb0aa9416" name="Robert@ROBERT-KOMPUTER 2011-10-21 11:02:20" runUser="Robert-Komputer\Robert" xmlns="http://microsoft.com/schemas/VisualStudio/TeamTest/2010">
  <TestSettings name="Local" id="1e0b3e12-0f6b-45ee-8c36-c199cef09262">
    <Description>These are default test settings for a local test run.</Description>
    <Deployment enabled="false" runDeploymentRoot="Robert_ROBERT-KOMPUTER 2011-10-21 11_02_20">
      <DeploymentItem filename="C:\Users\Robert\documents\visual studio 2010\Projects\Perceptron1\Perceptron1\bin\Debug\Perceptron1.exe" />
    </Deployment>
    <Execution>
      <TestTypeSpecific />
      <AgentRule name="Execution Agents">
      </AgentRule>
    </Execution>
  </TestSettings>
  <Times creation="2011-10-21T11:02:20.8223796+02:00" queuing="2011-10-21T11:02:24.2201082+02:00" start="2011-10-21T11:02:24.8753093+02:00" finish="2011-10-21T11:02:28.0577149+02:00" />
  <ResultSummary outcome="Completed">
    <Counters total="1" executed="1" passed="1" error="0" failed="0" timeout="0" aborted="0" inconclusive="0" passedButRunAborted="0" notRunnable="0" notExecuted="0" disconnected="0" warning="0" completed="0" inProgress="0" pending="0" />
  </ResultSummary>
  <TestDefinitions>
    <UnitTest name="op_MultiplyTest" storage="c:\users\robert\documents\visual studio 2010\projects\perceptron1\testyjednostkowe\bin\debug\testyjednostkowe.dll" id="5d85827d-ea91-4088-2253-b6d54db35356">
      <Execution id="e02d3adb-20b7-4187-b435-fce4fe227953" />
      <TestMethod codeBase="C:/Users/Robert/documents/visual studio 2010/Projects/Perceptron1/TestyJednostkowe/bin/Debug/TestyJednostkowe.DLL" adapterTypeName="Microsoft.VisualStudio.TestTools.TestTypes.Unit.UnitTestAdapter, Microsoft.VisualStudio.QualityTools.Tips.UnitTest.Adapter, Version=10.0.0.0, Culture=neutral, PublicKeyToken=b03f5f7f11d50a3a" className="TestyJednostkowe.VectorTest, TestyJednostkowe, Version=1.0.0.0, Culture=neutral, PublicKeyToken=null" name="op_MultiplyTest" />
    </UnitTest>
  </TestDefinitions>
  <TestLists>
    <TestList name="Results Not in a List" id="8c84fa94-04c1-424b-9868-57a2d4851a1d" />
    <TestList name="All Loaded Results" id="19431567-8539-422a-85d7-44ee4e166bda" />
  </TestLists>
  <TestEntries>
    <TestEntry testId="5d85827d-ea91-4088-2253-b6d54db35356" executionId="e02d3adb-20b7-4187-b435-fce4fe227953" testListId="8c84fa94-04c1-424b-9868-57a2d4851a1d" />
  </TestEntries>
  <Results>
    <UnitTestResult executionId="e02d3adb-20b7-4187-b435-fce4fe227953" testId="5d85827d-ea91-4088-2253-b6d54db35356" testName="op_MultiplyTest" computerName="ROBERT-KOMPUTER" duration="00:00:00.0866525" startTime="2011-10-21T11:02:25.4057103+02:00" endTime="2011-10-21T11:02:27.6521142+02:00" testType="13cdc9d9-ddb5-4fa4-a97d-d965ccfc6d4b" outcome="Passed" testListId="8c84fa94-04c1-424b-9868-57a2d4851a1d" relativeResultsDirectory="e02d3adb-20b7-4187-b435-fce4fe227953">
    </UnitTestResult>
  </Results>
</TestRun>