<?xml version="1.0" encoding="UTF-8"?>
<TestRun id="d4f55e22-de85-4cd1-905a-8ba59171810b" name="Robert@ROBERT-KOMPUTER 2011-10-21 11:11:07" runUser="Robert-Komputer\Robert" xmlns="http://microsoft.com/schemas/VisualStudio/TeamTest/2010">
  <TestSettings name="Local" id="1e0b3e12-0f6b-45ee-8c36-c199cef09262">
    <Description>These are default test settings for a local test run.</Description>
    <Deployment enabled="false" runDeploymentRoot="Robert_ROBERT-KOMPUTER 2011-10-21 11_11_07">
      <DeploymentItem filename="C:\Users\Robert\documents\visual studio 2010\Projects\Perceptron1\Perceptron1\bin\Debug\Perceptron1.exe" />
    </Deployment>
    <Execution>
      <TestTypeSpecific />
      <AgentRule name="Execution Agents">
      </AgentRule>
    </Execution>
  </TestSettings>
  <Times creation="2011-10-21T11:11:07.3798098+02:00" queuing="2011-10-21T11:11:10.8788240+02:00" start="2011-10-21T11:11:11.4404250+02:00" finish="2011-10-21T11:11:20.8942485+02:00" />
  <ResultSummary outcome="Error">
    <Counters total="3" executed="3" passed="2" error="0" failed="0" timeout="0" aborted="1" inconclusive="0" passedButRunAborted="0" notRunnable="0" notExecuted="0" disconnected="0" warning="0" completed="0" inProgress="0" pending="0" />
    <RunInfos>
      <RunInfo computerName="ROBERT-KOMPUTER" outcome="Error" timestamp="2011-10-21T11:11:20.8786485+02:00">
        <Text>Test host process exited unexpectedly.</Text>
      </RunInfo>
    </RunInfos>
  </ResultSummary>
  <TestDefinitions>
    <UnitTest name="DimensionTest" storage="c:\users\robert\documents\visual studio 2010\projects\perceptron1\testyjednostkowe\bin\debug\testyjednostkowe.dll" id="3808c4cc-94e5-4c96-fce9-4e388bb87b51">
      <Execution id="6011e2f1-e6f0-4176-ac6a-6680ab6d2896" />
      <TestMethod codeBase="C:/Users/Robert/documents/visual studio 2010/Projects/Perceptron1/TestyJednostkowe/bin/Debug/TestyJednostkowe.DLL" adapterTypeName="Microsoft.VisualStudio.TestTools.TestTypes.Unit.UnitTestAdapter, Microsoft.VisualStudio.QualityTools.Tips.UnitTest.Adapter, Version=10.0.0.0, Culture=neutral, PublicKeyToken=b03f5f7f11d50a3a" className="TestyJednostkowe.VectorTest, TestyJednostkowe, Version=1.0.0.0, Culture=neutral, PublicKeyToken=null" name="DimensionTest" />
    </UnitTest>
    <UnitTest name="op_AdditionTest" storage="c:\users\robert\documents\visual studio 2010\projects\perceptron1\testyjednostkowe\bin\debug\testyjednostkowe.dll" id="dc6122d4-970d-9103-3cbb-87421a47c54c">
      <Execution id="140ce3c5-36ea-4f79-829a-664ecd0f9de0" />
      <TestMethod codeBase="C:/Users/Robert/documents/visual studio 2010/Projects/Perceptron1/TestyJednostkowe/bin/Debug/TestyJednostkowe.DLL" adapterTypeName="Microsoft.VisualStudio.TestTools.TestTypes.Unit.UnitTestAdapter, Microsoft.VisualStudio.QualityTools.Tips.UnitTest.Adapter, Version=10.0.0.0, Culture=neutral, PublicKeyToken=b03f5f7f11d50a3a" className="TestyJednostkowe.VectorTest, TestyJednostkowe, Version=1.0.0.0, Culture=neutral, PublicKeyToken=null" name="op_AdditionTest" />
    </UnitTest>
    <UnitTest name="op_MultiplyTest" storage="c:\users\robert\documents\visual studio 2010\projects\perceptron1\testyjednostkowe\bin\debug\testyjednostkowe.dll" id="5d85827d-ea91-4088-2253-b6d54db35356">
      <Execution id="6f8bca6f-cab1-4291-99f2-d771bf1aee6d" />
      <TestMethod codeBase="C:/Users/Robert/documents/visual studio 2010/Projects/Perceptron1/TestyJednostkowe/bin/Debug/TestyJednostkowe.DLL" adapterTypeName="Microsoft.VisualStudio.TestTools.TestTypes.Unit.UnitTestAdapter, Microsoft.VisualStudio.QualityTools.Tips.UnitTest.Adapter, Version=10.0.0.0, Culture=neutral, PublicKeyToken=b03f5f7f11d50a3a" className="TestyJednostkowe.VectorTest, TestyJednostkowe, Version=1.0.0.0, Culture=neutral, PublicKeyToken=null" name="op_MultiplyTest" />
    </UnitTest>
  </TestDefinitions>
  <TestLists>
    <TestList name="Results Not in a List" id="8c84fa94-04c1-424b-9868-57a2d4851a1d" />
    <TestList name="All Loaded Results" id="19431567-8539-422a-85d7-44ee4e166bda" />
  </TestLists>
  <TestEntries>
    <TestEntry testId="3808c4cc-94e5-4c96-fce9-4e388bb87b51" executionId="6011e2f1-e6f0-4176-ac6a-6680ab6d2896" testListId="8c84fa94-04c1-424b-9868-57a2d4851a1d" />
    <TestEntry testId="5d85827d-ea91-4088-2253-b6d54db35356" executionId="6f8bca6f-cab1-4291-99f2-d771bf1aee6d" testListId="8c84fa94-04c1-424b-9868-57a2d4851a1d" />
    <TestEntry testId="dc6122d4-970d-9103-3cbb-87421a47c54c" executionId="140ce3c5-36ea-4f79-829a-664ecd0f9de0" testListId="8c84fa94-04c1-424b-9868-57a2d4851a1d" />
  </TestEntries>
  <Results>
    <UnitTestResult executionId="6011e2f1-e6f0-4176-ac6a-6680ab6d2896" testId="3808c4cc-94e5-4c96-fce9-4e388bb87b51" testName="DimensionTest" computerName="ROBERT-KOMPUTER" duration="00:00:00.1478509" startTime="2011-10-21T11:11:11.9396259+02:00" endTime="2011-10-21T11:11:14.3578370+02:00" testType="13cdc9d9-ddb5-4fa4-a97d-d965ccfc6d4b" outcome="Passed" testListId="8c84fa94-04c1-424b-9868-57a2d4851a1d" relativeResultsDirectory="6011e2f1-e6f0-4176-ac6a-6680ab6d2896">
      <Output>
        <StdOut>Zrzucenie wyjątku w przypadku zerowego wymiaru - OK</StdOut>
      </Output>
    </UnitTestResult>
    <UnitTestResult executionId="6f8bca6f-cab1-4291-99f2-d771bf1aee6d" testId="5d85827d-ea91-4088-2253-b6d54db35356" testName="op_MultiplyTest" computerName="ROBERT-KOMPUTER" duration="00:00:00.0081590" startTime="2011-10-21T11:11:14.3890371+02:00" endTime="2011-10-21T11:11:14.4358372+02:00" testType="13cdc9d9-ddb5-4fa4-a97d-d965ccfc6d4b" outcome="Passed" testListId="8c84fa94-04c1-424b-9868-57a2d4851a1d" relativeResultsDirectory="6f8bca6f-cab1-4291-99f2-d771bf1aee6d">
    </UnitTestResult>
    <UnitTestResult executionId="140ce3c5-36ea-4f79-829a-664ecd0f9de0" testId="dc6122d4-970d-9103-3cbb-87421a47c54c" testName="op_AdditionTest" computerName="ROBERT-KOMPUTER" duration="00:00:06.4272113" startTime="2011-10-21T11:11:14.4670372+02:00" endTime="2011-10-21T11:11:20.8942485+02:00" testType="13cdc9d9-ddb5-4fa4-a97d-d965ccfc6d4b" outcome="Aborted" testListId="8c84fa94-04c1-424b-9868-57a2d4851a1d" relativeResultsDirectory="140ce3c5-36ea-4f79-829a-664ecd0f9de0">
    </UnitTestResult>
  </Results>
</TestRun>