<?xml version="1.0" encoding="UTF-8"?>
<TestRun id="b4b80cde-0660-4a3f-afe8-7c9e8a62f7bf" name="Robert@ROBERT-KOMPUTER 2011-10-21 10:59:02" runUser="Robert-Komputer\Robert" xmlns="http://microsoft.com/schemas/VisualStudio/TeamTest/2010">
  <TestSettings name="Local" id="1e0b3e12-0f6b-45ee-8c36-c199cef09262">
    <Description>These are default test settings for a local test run.</Description>
    <Deployment enabled="false" runDeploymentRoot="Robert_ROBERT-KOMPUTER 2011-10-21 10_59_02">
      <DeploymentItem filename="C:\Users\Robert\documents\visual studio 2010\Projects\Perceptron1\Perceptron1\bin\Debug\Perceptron1.exe" />
    </Deployment>
    <Execution>
      <TestTypeSpecific />
      <AgentRule name="Execution Agents">
      </AgentRule>
    </Execution>
  </TestSettings>
  <Times creation="2011-10-21T10:59:02.4702395+02:00" queuing="2011-10-21T10:59:06.2610462+02:00" start="2011-10-21T10:59:06.8538472+02:00" finish="2011-10-21T10:59:10.0050528+02:00" />
  <ResultSummary outcome="Completed">
    <Counters total="1" executed="1" passed="1" error="0" failed="0" timeout="0" aborted="0" inconclusive="0" passedButRunAborted="0" notRunnable="0" notExecuted="0" disconnected="0" warning="0" completed="0" inProgress="0" pending="0" />
  </ResultSummary>
  <TestDefinitions>
    <UnitTest name="op_MultiplyTest" storage="c:\users\robert\documents\visual studio 2010\projects\perceptron1\testyjednostkowe\bin\debug\testyjednostkowe.dll" id="5d85827d-ea91-4088-2253-b6d54db35356">
      <Execution id="acdcdc1b-a3c0-4eda-8868-9d6db14b14ac" />
      <TestMethod codeBase="C:/Users/Robert/documents/visual studio 2010/Projects/Perceptron1/TestyJednostkowe/bin/Debug/TestyJednostkowe.DLL" adapterTypeName="Microsoft.VisualStudio.TestTools.TestTypes.Unit.UnitTestAdapter, Microsoft.VisualStudio.QualityTools.Tips.UnitTest.Adapter, Version=10.0.0.0, Culture=neutral, PublicKeyToken=b03f5f7f11d50a3a" className="TestyJednostkowe.VectorTest, TestyJednostkowe, Version=1.0.0.0, Culture=neutral, PublicKeyToken=null" name="op_MultiplyTest" />
    </UnitTest>
  </TestDefinitions>
  <TestLists>
    <TestList name="Results Not in a List" id="8c84fa94-04c1-424b-9868-57a2d4851a1d" />
    <TestList name="All Loaded Results" id="19431567-8539-422a-85d7-44ee4e166bda" />
  </TestLists>
  <TestEntries>
    <TestEntry testId="5d85827d-ea91-4088-2253-b6d54db35356" executionId="acdcdc1b-a3c0-4eda-8868-9d6db14b14ac" testListId="8c84fa94-04c1-424b-9868-57a2d4851a1d" />
  </TestEntries>
  <Results>
    <UnitTestResult executionId="acdcdc1b-a3c0-4eda-8868-9d6db14b14ac" testId="5d85827d-ea91-4088-2253-b6d54db35356" testName="op_MultiplyTest" computerName="ROBERT-KOMPUTER" duration="00:00:00.0811146" startTime="2011-10-21T10:59:07.3530481+02:00" endTime="2011-10-21T10:59:09.6462521+02:00" testType="13cdc9d9-ddb5-4fa4-a97d-d965ccfc6d4b" outcome="Passed" testListId="8c84fa94-04c1-424b-9868-57a2d4851a1d" relativeResultsDirectory="acdcdc1b-a3c0-4eda-8868-9d6db14b14ac">
    </UnitTestResult>
  </Results>
</TestRun>