<?xml version="1.0" encoding="UTF-8"?>
<TestRun id="c16db7d5-4703-46f3-a881-7d1bf0dc5486" name="Robert@ROBERT-KOMPUTER 2011-10-21 10:52:11" runUser="Robert-Komputer\Robert" xmlns="http://microsoft.com/schemas/VisualStudio/TeamTest/2010">
  <TestSettings name="Local" id="1e0b3e12-0f6b-45ee-8c36-c199cef09262">
    <Description>These are default test settings for a local test run.</Description>
    <Deployment enabled="false" runDeploymentRoot="Robert_ROBERT-KOMPUTER 2011-10-21 10_52_11">
      <DeploymentItem filename="C:\Users\Robert\documents\visual studio 2010\Projects\Perceptron1\Perceptron1\bin\Debug\Perceptron1.exe" />
    </Deployment>
    <Execution>
      <TestTypeSpecific />
      <AgentRule name="Execution Agents">
      </AgentRule>
    </Execution>
  </TestSettings>
  <Times creation="2011-10-21T10:52:11.0491780+02:00" queuing="2011-10-21T10:52:15.2611854+02:00" start="2011-10-21T10:52:16.4779875+02:00" finish="2011-10-21T10:52:42.3106674+02:00" />
  <ResultSummary outcome="Error">
    <Counters total="1" executed="1" error="0" failed="0" timeout="0" aborted="1" inconclusive="0" passedButRunAborted="0" notRunnable="0" notExecuted="0" disconnected="0" warning="0" passed="0" completed="0" inProgress="0" pending="0" />
    <RunInfos>
      <RunInfo computerName="ROBERT-KOMPUTER" outcome="Error" timestamp="2011-10-21T10:52:42.2950674+02:00">
        <Text>Test host process exited unexpectedly.</Text>
      </RunInfo>
    </RunInfos>
  </ResultSummary>
  <TestDefinitions>
    <UnitTest name="DimensionTest" storage="c:\users\robert\documents\visual studio 2010\projects\perceptron1\testyjednostkowe\bin\debug\testyjednostkowe.dll" id="3808c4cc-94e5-4c96-fce9-4e388bb87b51">
      <Execution id="ac28b013-3749-48b4-9a47-43bcda14c33a" />
      <TestMethod codeBase="C:/Users/Robert/documents/visual studio 2010/Projects/Perceptron1/TestyJednostkowe/bin/Debug/TestyJednostkowe.DLL" adapterTypeName="Microsoft.VisualStudio.TestTools.TestTypes.Unit.UnitTestAdapter, Microsoft.VisualStudio.QualityTools.Tips.UnitTest.Adapter, Version=10.0.0.0, Culture=neutral, PublicKeyToken=b03f5f7f11d50a3a" className="TestyJednostkowe.VectorTest, TestyJednostkowe, Version=1.0.0.0, Culture=neutral, PublicKeyToken=null" name="DimensionTest" />
    </UnitTest>
  </TestDefinitions>
  <TestLists>
    <TestList name="Results Not in a List" id="8c84fa94-04c1-424b-9868-57a2d4851a1d" />
    <TestList name="All Loaded Results" id="19431567-8539-422a-85d7-44ee4e166bda" />
  </TestLists>
  <TestEntries>
    <TestEntry testId="3808c4cc-94e5-4c96-fce9-4e388bb87b51" executionId="ac28b013-3749-48b4-9a47-43bcda14c33a" testListId="8c84fa94-04c1-424b-9868-57a2d4851a1d" />
  </TestEntries>
  <Results>
    <UnitTestResult executionId="ac28b013-3749-48b4-9a47-43bcda14c33a" testId="3808c4cc-94e5-4c96-fce9-4e388bb87b51" testName="DimensionTest" computerName="ROBERT-KOMPUTER" duration="00:00:24.5690777" startTime="2011-10-21T10:52:17.7415897+02:00" endTime="2011-10-21T10:52:42.3106674+02:00" testType="13cdc9d9-ddb5-4fa4-a97d-d965ccfc6d4b" outcome="Aborted" testListId="8c84fa94-04c1-424b-9868-57a2d4851a1d" relativeResultsDirectory="ac28b013-3749-48b4-9a47-43bcda14c33a">
    </UnitTestResult>
  </Results>
</TestRun>